# JRE version: Java(TM) SE Runtime Environment (21.0.7+8) (build 21.0.7+8-LTS-245)
# Java VM: Java HotSpot(TM) 64-Bit Server VM (21.0.7+8-LTS-245, mixed mode, sharing, tiered, compressed oops, compressed class ptrs, g1 gc, windows-amd64)
GC Precious Log:
 CardTable entry size: 512
 Card Set container configuration: InlinePtr #cards 5 size 8 Array Of Cards #cards 12 size 40 Howl #buckets 4 coarsen threshold 1843 Howl Bitmap #cards 512 size 80 coarsen threshold 460 Card regions per heap region 1 cards per card region 2048
 CPUs: 12 total, 12 available
 Memory: 7439M
 Large Page Support: Disabled
 NUMA Support: Disabled
 Compressed Oops: Enabled (32-bit)
 Heap Region Size: 1M
 Heap Min Capacity: 8M
 Heap Initial Capacity: 118M
 Heap Max Capacity: 1860M
 Pre-touch: Disabled
 Parallel Workers: 10
 Concurrent Workers: 3
 Concurrent Refinement Workers: 10
 Periodic GC: Disabled
Heap:
 garbage-first heap   total 65536K, used 53058K [0x000000008bc00000, 0x0000000100000000)
  region size 1024K, 21 young (21504K), 4 survivors (4096K)
 Metaspace       used 72200K, committed 72960K, reserved 1114112K
  class space    used 9701K, committed 10048K, reserved 1048576K
GC Heap History (20 events):
Event: 7.086 GC heap before
{Heap before GC invocations=6 (full 0):
 garbage-first heap   total 65536K, used 52025K [0x000000008bc00000, 0x0000000100000000)
  region size 1024K, 35 young (35840K), 3 survivors (3072K)
 Metaspace       used 34938K, committed 35520K, reserved 1114112K
  class space    used 4390K, committed 4672K, reserved 1048576K
}
Event: 7.090 GC heap after
{Heap after GC invocations=7 (full 0):
 garbage-first heap   total 65536K, used 22116K [0x000000008bc00000, 0x0000000100000000)
  region size 1024K, 5 young (5120K), 5 survivors (5120K)
 Metaspace       used 34938K, committed 35520K, reserved 1114112K
  class space    used 4390K, committed 4672K, reserved 1048576K
}
Event: 7.196 GC heap before
{Heap before GC invocations=7 (full 0):
 garbage-first heap   total 65536K, used 29284K [0x000000008bc00000, 0x0000000100000000)
  region size 1024K, 13 young (13312K), 5 survivors (5120K)
 Metaspace       used 35513K, committed 36032K, reserved 1114112K
  class space    used 4508K, committed 4736K, reserved 1048576K
}
Event: 7.199 GC heap after
{Heap after GC invocations=8 (full 0):
 garbage-first heap   total 65536K, used 22935K [0x000000008bc00000, 0x0000000100000000)
  region size 1024K, 1 young (1024K), 1 survivors (1024K)
 Metaspace       used 35513K, committed 36032K, reserved 1114112K
  class space    used 4508K, committed 4736K, reserved 1048576K
}
Event: 8.206 GC heap before
{Heap before GC invocations=9 (full 0):
 garbage-first heap   total 65536K, used 54679K [0x000000008bc00000, 0x0000000100000000)
  region size 1024K, 32 young (32768K), 1 survivors (1024K)
 Metaspace       used 39013K, committed 39616K, reserved 1114112K
  class space    used 4941K, committed 5248K, reserved 1048576K
}
Event: 8.210 GC heap after
{Heap after GC invocations=10 (full 0):
 garbage-first heap   total 65536K, used 24765K [0x000000008bc00000, 0x0000000100000000)
  region size 1024K, 3 young (3072K), 3 survivors (3072K)
 Metaspace       used 39013K, committed 39616K, reserved 1114112K
  class space    used 4941K, committed 5248K, reserved 1048576K
}
Event: 9.436 GC heap before
{Heap before GC invocations=10 (full 0):
 garbage-first heap   total 65536K, used 55485K [0x000000008bc00000, 0x0000000100000000)
  region size 1024K, 33 young (33792K), 3 survivors (3072K)
 Metaspace       used 45662K, committed 46208K, reserved 1114112K
  class space    used 5975K, committed 6272K, reserved 1048576K
}
Event: 9.442 GC heap after
{Heap after GC invocations=11 (full 0):
 garbage-first heap   total 65536K, used 26017K [0x000000008bc00000, 0x0000000100000000)
  region size 1024K, 4 young (4096K), 4 survivors (4096K)
 Metaspace       used 45662K, committed 46208K, reserved 1114112K
  class space    used 5975K, committed 6272K, reserved 1048576K
}
Event: 11.487 GC heap before
{Heap before GC invocations=11 (full 0):
 garbage-first heap   total 65536K, used 56737K [0x000000008bc00000, 0x0000000100000000)
  region size 1024K, 34 young (34816K), 4 survivors (4096K)
 Metaspace       used 53679K, committed 54336K, reserved 1114112K
  class space    used 6968K, committed 7296K, reserved 1048576K
}
Event: 11.492 GC heap after
{Heap after GC invocations=12 (full 0):
 garbage-first heap   total 65536K, used 28361K [0x000000008bc00000, 0x0000000100000000)
  region size 1024K, 5 young (5120K), 5 survivors (5120K)
 Metaspace       used 53679K, committed 54336K, reserved 1114112K
  class space    used 6968K, committed 7296K, reserved 1048576K
}
Event: 12.559 GC heap before
{Heap before GC invocations=12 (full 0):
 garbage-first heap   total 65536K, used 42697K [0x000000008bc00000, 0x0000000100000000)
  region size 1024K, 21 young (21504K), 5 survivors (5120K)
 Metaspace       used 59442K, committed 60096K, reserved 1114112K
  class space    used 7898K, committed 8192K, reserved 1048576K
}
Event: 12.575 GC heap after
{Heap after GC invocations=13 (full 0):
 garbage-first heap   total 65536K, used 29216K [0x000000008bc00000, 0x0000000100000000)
  region size 1024K, 1 young (1024K), 1 survivors (1024K)
 Metaspace       used 59442K, committed 60096K, reserved 1114112K
  class space    used 7898K, committed 8192K, reserved 1048576K
}
Event: 13.987 GC heap before
{Heap before GC invocations=14 (full 0):
 garbage-first heap   total 65536K, used 57888K [0x000000008bc00000, 0x0000000100000000)
  region size 1024K, 29 young (29696K), 1 survivors (1024K)
 Metaspace       used 64926K, committed 65600K, reserved 1114112K
  class space    used 8650K, committed 8960K, reserved 1048576K
}
Event: 13.990 GC heap after
{Heap after GC invocations=15 (full 0):
 garbage-first heap   total 65536K, used 30785K [0x000000008bc00000, 0x0000000100000000)
  region size 1024K, 3 young (3072K), 3 survivors (3072K)
 Metaspace       used 64926K, committed 65600K, reserved 1114112K
  class space    used 8650K, committed 8960K, reserved 1048576K
}
Event: 15.644 GC heap before
{Heap before GC invocations=15 (full 0):
 garbage-first heap   total 65536K, used 56385K [0x000000008bc00000, 0x0000000100000000)
  region size 1024K, 29 young (29696K), 3 survivors (3072K)
 Metaspace       used 68049K, committed 68736K, reserved 1114112K
  class space    used 9099K, committed 9408K, reserved 1048576K
}
Event: 15.650 GC heap after
{Heap after GC invocations=16 (full 0):
 garbage-first heap   total 65536K, used 32959K [0x000000008bc00000, 0x0000000100000000)
  region size 1024K, 4 young (4096K), 4 survivors (4096K)
 Metaspace       used 68049K, committed 68736K, reserved 1114112K
  class space    used 9099K, committed 9408K, reserved 1048576K
}
Event: 16.610 GC heap before
{Heap before GC invocations=16 (full 0):
 garbage-first heap   total 65536K, used 55487K [0x000000008bc00000, 0x0000000100000000)
  region size 1024K, 27 young (27648K), 4 survivors (4096K)
 Metaspace       used 70083K, committed 70784K, reserved 1114112K
  class space    used 9390K, committed 9728K, reserved 1048576K
}
Event: 16.618 GC heap after
{Heap after GC invocations=17 (full 0):
 garbage-first heap   total 65536K, used 34804K [0x000000008bc00000, 0x0000000100000000)
  region size 1024K, 2 young (2048K), 2 survivors (2048K)
 Metaspace       used 70083K, committed 70784K, reserved 1114112K
  class space    used 9390K, committed 9728K, reserved 1048576K
}
Event: 17.479 GC heap before
{Heap before GC invocations=18 (full 0):
 garbage-first heap   total 65536K, used 58356K [0x000000008bc00000, 0x0000000100000000)
  region size 1024K, 26 young (26624K), 2 survivors (2048K)
 Metaspace       used 71401K, committed 72128K, reserved 1114112K
  class space    used 9578K, committed 9920K, reserved 1048576K
}
Event: 17.483 GC heap after
{Heap after GC invocations=19 (full 0):
 garbage-first heap   total 65536K, used 36674K [0x000000008bc00000, 0x0000000100000000)
  region size 1024K, 4 young (4096K), 4 survivors (4096K)
 Metaspace       used 71401K, committed 72128K, reserved 1114112K
  class space    used 9578K, committed 9920K, reserved 1048576K
}

