# JRE version: Java(TM) SE Runtime Environment (21.0.7+8) (build 21.0.7+8-LTS-245)
# Java VM: Java HotSpot(TM) 64-Bit Server VM (21.0.7+8-LTS-245, mixed mode, sharing, tiered, compressed oops, compressed class ptrs, g1 gc, windows-amd64)
GC Precious Log:
 CardTable entry size: 512
 Card Set container configuration: InlinePtr #cards 5 size 8 Array Of Cards #cards 12 size 40 Howl #buckets 4 coarsen threshold 1843 Howl Bitmap #cards 512 size 80 coarsen threshold 460 Card regions per heap region 1 cards per card region 2048
 CPUs: 12 total, 12 available
 Memory: 7439M
 Large Page Support: Disabled
 NUMA Support: Disabled
 Compressed Oops: Enabled (32-bit)
 Heap Region Size: 1M
 Heap Min Capacity: 8M
 Heap Initial Capacity: 118M
 Heap Max Capacity: 1860M
 Pre-touch: Disabled
 Parallel Workers: 10
 Concurrent Workers: 3
 Concurrent Refinement Workers: 10
 Periodic GC: Disabled
Heap:
 garbage-first heap   total 112640K, used 68335K [0x000000008bc00000, 0x0000000100000000)
  region size 1024K, 27 young (27648K), 6 survivors (6144K)
 Metaspace       used 88203K, committed 89152K, reserved 1179648K
  class space    used 11529K, committed 11968K, reserved 1048576K
GC Heap History (20 events):
Event: 3436.582 GC heap before
{Heap before GC invocations=79 (full 0):
 garbage-first heap   total 132096K, used 118973K [0x000000008bc00000, 0x0000000100000000)
  region size 1024K, 77 young (78848K), 1 survivors (1024K)
 Metaspace       used 86382K, committed 87488K, reserved 1179648K
  class space    used 11319K, committed 11840K, reserved 1048576K
}
Event: 3436.676 GC heap after
{Heap after GC invocations=80 (full 0):
 garbage-first heap   total 132096K, used 41010K [0x000000008bc00000, 0x0000000100000000)
  region size 1024K, 1 young (1024K), 1 survivors (1024K)
 Metaspace       used 86382K, committed 87488K, reserved 1179648K
  class space    used 11319K, committed 11840K, reserved 1048576K
}
Event: 3591.844 GC heap before
{Heap before GC invocations=80 (full 0):
 garbage-first heap   total 132096K, used 118834K [0x000000008bc00000, 0x0000000100000000)
  region size 1024K, 77 young (78848K), 1 survivors (1024K)
 Metaspace       used 86454K, committed 87488K, reserved 1179648K
  class space    used 11320K, committed 11840K, reserved 1048576K
}
Event: 3592.397 GC heap after
{Heap after GC invocations=81 (full 0):
 garbage-first heap   total 132096K, used 40896K [0x000000008bc00000, 0x0000000100000000)
  region size 1024K, 1 young (1024K), 1 survivors (1024K)
 Metaspace       used 86454K, committed 87488K, reserved 1179648K
  class space    used 11320K, committed 11840K, reserved 1048576K
}
Event: 3601.393 GC heap before
{Heap before GC invocations=81 (full 0):
 garbage-first heap   total 132096K, used 46016K [0x000000008bc00000, 0x0000000100000000)
  region size 1024K, 6 young (6144K), 1 survivors (1024K)
 Metaspace       used 86457K, committed 87552K, reserved 1179648K
  class space    used 11320K, committed 11840K, reserved 1048576K
}
Event: 3601.414 GC heap after
{Heap after GC invocations=82 (full 0):
 garbage-first heap   total 132096K, used 40790K [0x000000008bc00000, 0x0000000100000000)
  region size 1024K, 1 young (1024K), 1 survivors (1024K)
 Metaspace       used 86457K, committed 87552K, reserved 1179648K
  class space    used 11320K, committed 11840K, reserved 1048576K
}
Event: 3753.390 GC heap before
{Heap before GC invocations=82 (full 0):
 garbage-first heap   total 132096K, used 117590K [0x000000008bc00000, 0x0000000100000000)
  region size 1024K, 77 young (78848K), 1 survivors (1024K)
 Metaspace       used 86457K, committed 87552K, reserved 1179648K
  class space    used 11320K, committed 11840K, reserved 1048576K
}
Event: 3753.496 GC heap after
{Heap after GC invocations=83 (full 0):
 garbage-first heap   total 132096K, used 40628K [0x000000008bc00000, 0x0000000100000000)
  region size 1024K, 1 young (1024K), 1 survivors (1024K)
 Metaspace       used 86457K, committed 87552K, reserved 1179648K
  class space    used 11320K, committed 11840K, reserved 1048576K
}
Event: 3914.836 GC heap before
{Heap before GC invocations=84 (full 0):
 garbage-first heap   total 132096K, used 118452K [0x000000008bc00000, 0x0000000100000000)
  region size 1024K, 77 young (78848K), 1 survivors (1024K)
 Metaspace       used 86480K, committed 87552K, reserved 1179648K
  class space    used 11320K, committed 11840K, reserved 1048576K
}
Event: 3914.883 GC heap after
{Heap after GC invocations=85 (full 0):
 garbage-first heap   total 132096K, used 40646K [0x000000008bc00000, 0x0000000100000000)
  region size 1024K, 1 young (1024K), 1 survivors (1024K)
 Metaspace       used 86480K, committed 87552K, reserved 1179648K
  class space    used 11320K, committed 11840K, reserved 1048576K
}
Event: 3997.514 GC heap before
{Heap before GC invocations=85 (full 0):
 garbage-first heap   total 132096K, used 83654K [0x000000008bc00000, 0x0000000100000000)
  region size 1024K, 44 young (45056K), 1 survivors (1024K)
 Metaspace       used 86635K, committed 87616K, reserved 1179648K
  class space    used 11357K, committed 11840K, reserved 1048576K
}
Event: 3998.160 GC heap after
{Heap after GC invocations=86 (full 1):
 garbage-first heap   total 112640K, used 31517K [0x000000008bc00000, 0x0000000100000000)
  region size 1024K, 0 young (0K), 0 survivors (0K)
 Metaspace       used 86628K, committed 87616K, reserved 1179648K
  class space    used 11355K, committed 11840K, reserved 1048576K
}
Event: 4000.767 GC heap before
{Heap before GC invocations=86 (full 1):
 garbage-first heap   total 112640K, used 99101K [0x000000008bc00000, 0x0000000100000000)
  region size 1024K, 66 young (67584K), 0 survivors (0K)
 Metaspace       used 87165K, committed 88000K, reserved 1179648K
  class space    used 11415K, committed 11840K, reserved 1048576K
}
Event: 4000.929 GC heap after
{Heap after GC invocations=87 (full 1):
 garbage-first heap   total 112640K, used 37865K [0x000000008bc00000, 0x0000000100000000)
  region size 1024K, 7 young (7168K), 7 survivors (7168K)
 Metaspace       used 87165K, committed 88000K, reserved 1179648K
  class space    used 11415K, committed 11840K, reserved 1048576K
}
Event: 4002.456 GC heap before
{Heap before GC invocations=88 (full 1):
 garbage-first heap   total 112640K, used 96233K [0x000000008bc00000, 0x0000000100000000)
  region size 1024K, 64 young (65536K), 7 survivors (7168K)
 Metaspace       used 87860K, committed 88640K, reserved 1179648K
  class space    used 11464K, committed 11840K, reserved 1048576K
}
Event: 4002.467 GC heap after
{Heap after GC invocations=89 (full 1):
 garbage-first heap   total 112640K, used 42219K [0x000000008bc00000, 0x0000000100000000)
  region size 1024K, 5 young (5120K), 5 survivors (5120K)
 Metaspace       used 87860K, committed 88640K, reserved 1179648K
  class space    used 11464K, committed 11840K, reserved 1048576K
}
Event: 4002.658 GC heap before
{Heap before GC invocations=89 (full 1):
 garbage-first heap   total 112640K, used 61675K [0x000000008bc00000, 0x0000000100000000)
  region size 1024K, 24 young (24576K), 5 survivors (5120K)
 Metaspace       used 87948K, committed 88704K, reserved 1179648K
  class space    used 11483K, committed 11840K, reserved 1048576K
}
Event: 4002.664 GC heap after
{Heap after GC invocations=90 (full 1):
 garbage-first heap   total 112640K, used 43852K [0x000000008bc00000, 0x0000000100000000)
  region size 1024K, 2 young (2048K), 2 survivors (2048K)
 Metaspace       used 87948K, committed 88704K, reserved 1179648K
  class space    used 11483K, committed 11840K, reserved 1048576K
}
Event: 4003.428 GC heap before
{Heap before GC invocations=90 (full 1):
 garbage-first heap   total 112640K, used 102220K [0x000000008bc00000, 0x0000000100000000)
  region size 1024K, 59 young (60416K), 2 survivors (2048K)
 Metaspace       used 88171K, committed 88960K, reserved 1179648K
  class space    used 11523K, committed 11904K, reserved 1048576K
}
Event: 4003.433 GC heap after
{Heap after GC invocations=91 (full 1):
 garbage-first heap   total 112640K, used 47855K [0x000000008bc00000, 0x0000000100000000)
  region size 1024K, 6 young (6144K), 6 survivors (6144K)
 Metaspace       used 88171K, committed 88960K, reserved 1179648K
  class space    used 11523K, committed 11904K, reserved 1048576K
}

